<?xml version="1.0" encoding="UTF-8"?>
<testsuite xmlns:xsi="http://www.w3.org/2001/XMLSchema-instance" xsi:noNamespaceSchemaLocation="https://maven.apache.org/surefire/maven-surefire-plugin/xsd/surefire-test-report.xsd" name="fr.umlv.java.inside.lab5.StringSwitchExampleTests" time="0.028" tests="2" errors="0" skipped="0" failures="0">
  <properties>
    <property name="java.specification.version" value="13"/>
    <property name="sun.jnu.encoding" value="UTF-8"/>
    <property name="java.class.path" value="/home/salim/Documents/java-inside/java-inside/lab5/target/test-classes:/home/salim/Documents/java-inside/java-inside/lab5/target/classes:/home/salim/.m2/repository/org/openjdk/jmh/jmh-core/1.21/jmh-core-1.21.jar:/home/salim/.m2/repository/net/sf/jopt-simple/jopt-simple/4.6/jopt-simple-4.6.jar:/home/salim/.m2/repository/org/apache/commons/commons-math3/3.2/commons-math3-3.2.jar:/home/salim/.m2/repository/org/openjdk/jmh/jmh-generator-annprocess/1.21/jmh-generator-annprocess-1.21.jar:/home/salim/.m2/repository/org/junit/jupiter/junit-jupiter-api/5.5.2/junit-jupiter-api-5.5.2.jar:/home/salim/.m2/repository/org/apiguardian/apiguardian-api/1.1.0/apiguardian-api-1.1.0.jar:/home/salim/.m2/repository/org/opentest4j/opentest4j/1.2.0/opentest4j-1.2.0.jar:/home/salim/.m2/repository/org/junit/platform/junit-platform-commons/1.5.2/junit-platform-commons-1.5.2.jar:/home/salim/.m2/repository/org/junit/jupiter/junit-jupiter-engine/5.5.2/junit-jupiter-engine-5.5.2.jar:/home/salim/.m2/repository/org/junit/platform/junit-platform-engine/1.5.2/junit-platform-engine-1.5.2.jar:/home/salim/.m2/repository/org/junit/jupiter/junit-jupiter/5.4.2/junit-jupiter-5.4.2.jar:/home/salim/.m2/repository/org/junit/jupiter/junit-jupiter-params/5.5.2/junit-jupiter-params-5.5.2.jar:"/>
    <property name="java.vm.vendor" value="Oracle Corporation"/>
    <property name="sun.arch.data.model" value="64"/>
    <property name="java.vendor.url" value="https://java.oracle.com/"/>
    <property name="os.name" value="Linux"/>
    <property name="java.vm.specification.version" value="13"/>
    <property name="sun.java.launcher" value="SUN_STANDARD"/>
    <property name="user.country" value="US"/>
    <property name="sun.boot.library.path" value="/usr/lib/jvm/java-13-oracle/lib"/>
    <property name="sun.java.command" value="/home/salim/Documents/java-inside/java-inside/lab5/target/surefire/surefirebooter10578186268042946200.jar /home/salim/Documents/java-inside/java-inside/lab5/target/surefire 2019-10-22T10-25-23_055-jvmRun1 surefire6117916551654530735tmp surefire_07964051070315695060tmp"/>
    <property name="jdk.debug" value="release"/>
    <property name="surefire.test.class.path" value="/home/salim/Documents/java-inside/java-inside/lab5/target/test-classes:/home/salim/Documents/java-inside/java-inside/lab5/target/classes:/home/salim/.m2/repository/org/openjdk/jmh/jmh-core/1.21/jmh-core-1.21.jar:/home/salim/.m2/repository/net/sf/jopt-simple/jopt-simple/4.6/jopt-simple-4.6.jar:/home/salim/.m2/repository/org/apache/commons/commons-math3/3.2/commons-math3-3.2.jar:/home/salim/.m2/repository/org/openjdk/jmh/jmh-generator-annprocess/1.21/jmh-generator-annprocess-1.21.jar:/home/salim/.m2/repository/org/junit/jupiter/junit-jupiter-api/5.5.2/junit-jupiter-api-5.5.2.jar:/home/salim/.m2/repository/org/apiguardian/apiguardian-api/1.1.0/apiguardian-api-1.1.0.jar:/home/salim/.m2/repository/org/opentest4j/opentest4j/1.2.0/opentest4j-1.2.0.jar:/home/salim/.m2/repository/org/junit/platform/junit-platform-commons/1.5.2/junit-platform-commons-1.5.2.jar:/home/salim/.m2/repository/org/junit/jupiter/junit-jupiter-engine/5.5.2/junit-jupiter-engine-5.5.2.jar:/home/salim/.m2/repository/org/junit/platform/junit-platform-engine/1.5.2/junit-platform-engine-1.5.2.jar:/home/salim/.m2/repository/org/junit/jupiter/junit-jupiter/5.4.2/junit-jupiter-5.4.2.jar:/home/salim/.m2/repository/org/junit/jupiter/junit-jupiter-params/5.5.2/junit-jupiter-params-5.5.2.jar:"/>
    <property name="sun.cpu.endian" value="little"/>
    <property name="user.home" value="/home/salim"/>
    <property name="user.language" value="en"/>
    <property name="java.specification.vendor" value="Oracle Corporation"/>
    <property name="java.version.date" value="2019-09-17"/>
    <property name="java.home" value="/usr/lib/jvm/java-13-oracle"/>
    <property name="file.separator" value="/"/>
    <property name="basedir" value="/home/salim/Documents/java-inside/java-inside/lab5"/>
    <property name="java.vm.compressedOopsMode" value="32-bit"/>
    <property name="line.separator" value="&#10;"/>
    <property name="java.vm.specification.vendor" value="Oracle Corporation"/>
    <property name="java.specification.name" value="Java Platform API Specification"/>
    <property name="surefire.real.class.path" value="/home/salim/Documents/java-inside/java-inside/lab5/target/surefire/surefirebooter10578186268042946200.jar"/>
    <property name="sun.management.compiler" value="HotSpot 64-Bit Tiered Compilers"/>
    <property name="java.runtime.version" value="13+33"/>
    <property name="user.name" value="salim"/>
    <property name="path.separator" value=":"/>
    <property name="os.version" value="4.15.0-65-generic"/>
    <property name="java.runtime.name" value="Java(TM) SE Runtime Environment"/>
    <property name="file.encoding" value="UTF-8"/>
    <property name="java.vm.name" value="Java HotSpot(TM) 64-Bit Server VM"/>
    <property name="localRepository" value="/home/salim/.m2/repository"/>
    <property name="java.vendor.url.bug" value="https://bugreport.java.com/bugreport/"/>
    <property name="java.io.tmpdir" value="/tmp"/>
    <property name="java.version" value="13"/>
    <property name="user.dir" value="/home/salim/Documents/java-inside/java-inside/lab5"/>
    <property name="os.arch" value="amd64"/>
    <property name="java.vm.specification.name" value="Java Virtual Machine Specification"/>
    <property name="java.library.path" value="/usr/java/packages/lib:/usr/lib64:/lib64:/lib:/usr/lib"/>
    <property name="java.vm.info" value="mixed mode, sharing"/>
    <property name="java.vendor" value="Oracle Corporation"/>
    <property name="java.vm.version" value="13+33"/>
    <property name="sun.io.unicode.encoding" value="UnicodeLittle"/>
    <property name="java.class.version" value="57.0"/>
  </properties>
  <testcase name="testNull" classname="fr.umlv.java.inside.lab5.StringSwitchExampleTests" time="0.018"/>
  <testcase name="teststringSwitch" classname="fr.umlv.java.inside.lab5.StringSwitchExampleTests" time="0.004"/>
</testsuite>